0 info it worked if it ends with ok
1 verbose cli [ '/usr/local/bin/node', '/usr/local/bin/npm', 'publish' ]
2 info using npm@3.10.8
3 info using node@v6.9.1
4 verbose publish [ '.' ]
5 silly cache add args [ '.', null ]
6 verbose cache add spec .
7 silly cache add parsed spec Result {
7 silly cache add   raw: '.',
7 silly cache add   scope: null,
7 silly cache add   escapedName: null,
7 silly cache add   name: null,
7 silly cache add   rawSpec: '.',
7 silly cache add   spec: '/Users/r1si/Documents/LOCALE/SVILUPPO_WEB/cordova-plugin-android-sensors',
7 silly cache add   type: 'directory' }
8 verbose addLocalDirectory /Users/r1si/.npm/cordova-plugin-android-sensors/1.0.5/package.tgz not in flight; packing
9 verbose correctMkdir /Users/r1si/.npm correctMkdir not in flight; initializing
10 info lifecycle cordova-plugin-android-sensors@1.0.5~prepublish: cordova-plugin-android-sensors@1.0.5
11 silly lifecycle cordova-plugin-android-sensors@1.0.5~prepublish: no script for prepublish, continuing
12 verbose tar pack [ '/Users/r1si/.npm/cordova-plugin-android-sensors/1.0.5/package.tgz',
12 verbose tar pack   '/Users/r1si/Documents/LOCALE/SVILUPPO_WEB/cordova-plugin-android-sensors' ]
13 verbose tarball /Users/r1si/.npm/cordova-plugin-android-sensors/1.0.5/package.tgz
14 verbose folder /Users/r1si/Documents/LOCALE/SVILUPPO_WEB/cordova-plugin-android-sensors
15 verbose addLocalTarball adding from inside cache /Users/r1si/.npm/cordova-plugin-android-sensors/1.0.5/package.tgz
16 verbose correctMkdir /Users/r1si/.npm correctMkdir not in flight; initializing
17 silly cache afterAdd cordova-plugin-android-sensors@1.0.5
18 verbose afterAdd /Users/r1si/.npm/cordova-plugin-android-sensors/1.0.5/package/package.json not in flight; writing
19 verbose correctMkdir /Users/r1si/.npm correctMkdir not in flight; initializing
20 verbose afterAdd /Users/r1si/.npm/cordova-plugin-android-sensors/1.0.5/package/package.json written
21 silly publish { name: 'cordova-plugin-android-sensors',
21 silly publish   version: '1.0.5',
21 silly publish   description: 'A Cordova plugin to get some Andorid functionality check',
21 silly publish   repository:
21 silly publish    { type: 'git',
21 silly publish      url: 'git+https://github.com/r1si/cordova-plugin-android-sensors.git' },
21 silly publish   keywords: [ 'cordova', 'sensors', 'android', 'lock screen', 'is in call' ],
21 silly publish   author: { name: 'r1si' },
21 silly publish   license: 'MIT',
21 silly publish   bugs: { url: 'https://github.com/r1si/cordova-plugin-android-sensors/issues' },
21 silly publish   homepage: 'https://github.com/r1si/cordova-plugin-android-sensors#readme',
21 silly publish   readme: '# Cordova Android Sensors Plugin\n\nA Cordova plugin to get some Andorid functionality check, here a list of the features:\n* Check if your phone is locked or not (screen off)\n* Chedk if your phone is in call or not\n\n## Installation\n\nCordova: \n```\ncordova plugin add cordova-android-sensors\n```\n\nPhonegap:\n```\nphonegap plugin add cordova-android-sensors\n```\n\n## Usage\n\n### isDeviceLock\nCheck if your phone is locked or not (screen off) \n\n```\nan_sensors.isDeviceLock(function(res) {\n    if(res == "true"){\n        console.log("phone is locked");\n    }else{\n        console.log("phone isn\'t locked");\n    }\n}, function() {\n    console.error(\'An error occoured while do the command\');\n});\n```\n\n### isCallActive\nCheck if your phone is in calling or not\n\n```\nan_sensors.isCallActive(function(res) {\n    if(res == "true"){\n        console.log("phone is calling");\n    }else{\n        console.log("phone isn\'t calling");\n    }\n}, function() {\n    console.error(\'An error occoured while do the command\');\n});\n```',
21 silly publish   readmeFilename: 'README.md',
21 silly publish   gitHead: '644c26062bfeb83d8cb3edda29df3bfc4eb0112a',
21 silly publish   _id: 'cordova-plugin-android-sensors@1.0.5',
21 silly publish   scripts: {},
21 silly publish   _shasum: '6897ee206a1ebe138f6f006ccfe0a91b15b3cb6f',
21 silly publish   _from: '.' }
22 verbose getPublishConfig undefined
23 silly mapToRegistry name cordova-plugin-android-sensors
24 silly mapToRegistry using default registry
25 silly mapToRegistry registry https://registry.npmjs.org/
26 silly mapToRegistry data Result {
26 silly mapToRegistry   raw: 'cordova-plugin-android-sensors',
26 silly mapToRegistry   scope: null,
26 silly mapToRegistry   escapedName: 'cordova-plugin-android-sensors',
26 silly mapToRegistry   name: 'cordova-plugin-android-sensors',
26 silly mapToRegistry   rawSpec: '',
26 silly mapToRegistry   spec: 'latest',
26 silly mapToRegistry   type: 'tag' }
27 silly mapToRegistry uri https://registry.npmjs.org/cordova-plugin-android-sensors
28 verbose publish registryBase https://registry.npmjs.org/
29 silly publish uploading /Users/r1si/.npm/cordova-plugin-android-sensors/1.0.5/package.tgz
30 verbose request uri https://registry.npmjs.org/cordova-plugin-android-sensors
31 verbose request sending authorization for write operation
32 info attempt registry request try #1 at 22:02:26
33 verbose request using bearer token for auth
34 verbose request id 79369a2794d45133
35 http request PUT https://registry.npmjs.org/cordova-plugin-android-sensors
36 http 403 https://registry.npmjs.org/cordova-plugin-android-sensors
37 verbose headers { 'content-type': 'application/json',
37 verbose headers   'cache-control': 'max-age=300',
37 verbose headers   'content-length': '95',
37 verbose headers   'accept-ranges': 'bytes',
37 verbose headers   date: 'Fri, 30 Dec 2016 21:02:22 GMT',
37 verbose headers   via: '1.1 varnish',
37 verbose headers   connection: 'keep-alive',
37 verbose headers   'x-served-by': 'cache-ams4440-AMS',
37 verbose headers   'x-cache': 'MISS',
37 verbose headers   'x-cache-hits': '0',
37 verbose headers   'x-timer': 'S1483131741.414251,VS0,VE896',
37 verbose headers   vary: 'Accept-Encoding' }
38 verbose request invalidating /Users/r1si/.npm/registry.npmjs.org/cordova-plugin-android-sensors on PUT
39 error publish Failed PUT 403
40 verbose stack Error: "You cannot publish over the previously published version 1.0.5." : cordova-plugin-android-sensors
40 verbose stack     at makeError (/usr/local/lib/node_modules/npm/node_modules/npm-registry-client/lib/request.js:302:12)
40 verbose stack     at CachingRegistryClient.<anonymous> (/usr/local/lib/node_modules/npm/node_modules/npm-registry-client/lib/request.js:290:14)
40 verbose stack     at Request._callback (/usr/local/lib/node_modules/npm/node_modules/npm-registry-client/lib/request.js:210:14)
40 verbose stack     at Request.self.callback (/usr/local/lib/node_modules/npm/node_modules/request/request.js:187:22)
40 verbose stack     at emitTwo (events.js:106:13)
40 verbose stack     at Request.emit (events.js:191:7)
40 verbose stack     at Request.<anonymous> (/usr/local/lib/node_modules/npm/node_modules/request/request.js:1044:10)
40 verbose stack     at emitOne (events.js:96:13)
40 verbose stack     at Request.emit (events.js:188:7)
40 verbose stack     at IncomingMessage.<anonymous> (/usr/local/lib/node_modules/npm/node_modules/request/request.js:965:12)
41 verbose statusCode 403
42 verbose pkgid cordova-plugin-android-sensors
43 verbose cwd /Users/r1si/Documents/LOCALE/SVILUPPO_WEB/cordova-plugin-android-sensors
44 error Darwin 16.3.0
45 error argv "/usr/local/bin/node" "/usr/local/bin/npm" "publish"
46 error node v6.9.1
47 error npm  v3.10.8
48 error code E403
49 error "You cannot publish over the previously published version 1.0.5." : cordova-plugin-android-sensors
50 error If you need help, you may report this error at:
50 error     <https://github.com/npm/npm/issues>
51 verbose exit [ 1, true ]
